
> @dilipod/ui@0.1.0 build
> tsup

CLI Building entry: src/index.ts
CLI Using tsconfig: tsconfig.json
CLI tsup v8.5.1
CLI Using tsup config: /Users/dimitriospagkratis/dilipod/packages/ui/tsup.config.ts
CLI Target: es2020
CLI Cleaning output folder
CJS Build start
ESM Build start
ESM dist/index.mjs     17.85 KB
ESM dist/index.mjs.map 34.74 KB
ESM ⚡️ Build success in 411ms
CJS dist/index.js     27.33 KB
CJS dist/index.js.map 34.86 KB
CJS ⚡️ Build success in 411ms
DTS Build start
DTS ⚡️ Build success in 2367ms
DTS dist/index.d.ts  8.56 KB
DTS dist/index.d.mts 8.56 KB
